<?xml version="1.0" encoding="UTF-8" ?>
<testsuites disabled="0" errors="0" failures="0" tests="2" time="0.008">
 <testsuite name="Math operations" timestamp="2025-03-26T17:49:37" hostname="localhost" time="0.008" errors="0" tests="2" skipped="0" disabled="0" failures="0">
  <testcase classname="Math operations" name="should return a number" time="0.004" />
  <testcase classname="Math operations" name="should add two numbers correctly" time="0.001" />
 </testsuite>
</testsuites>